<?xml version="1.0" encoding="UTF-8"?>
<testsuites name="jest tests" tests="14" failures="1" errors="0" time="23.779">
  <testsuite name="AppController" errors="0" failures="0" skipped="0" timestamp="2022-01-24T18:32:57" time="17.025" tests="1">
    <testcase classname="AppController root should return &quot;Hello World!&quot;" name="AppController root should return &quot;Hello World!&quot;" time="0.047">
    </testcase>
  </testsuite>
  <testsuite name="AzureLoggerService" errors="0" failures="0" skipped="0" timestamp="2022-01-24T18:32:57" time="17.25" tests="1">
    <testcase classname="AzureLoggerService should be defined" name="AzureLoggerService should be defined" time="0.06">
    </testcase>
  </testsuite>
  <testsuite name="ShopifyAccountInstall" errors="0" failures="0" skipped="0" timestamp="2022-01-24T18:32:57" time="17.401" tests="2">
    <testcase classname="ShopifyAccountInstall should generate a valid install" name="ShopifyAccountInstall should generate a valid install" time="0.017">
    </testcase>
    <testcase classname="ShopifyAccountInstall should generate a valid install link" name="ShopifyAccountInstall should generate a valid install link" time="0.027">
    </testcase>
  </testsuite>
  <testsuite name="ShopifyAccount" errors="0" failures="0" skipped="0" timestamp="2022-01-24T18:32:57" time="17.735" tests="6">
    <testcase classname="ShopifyAccount beginConnectionProcess should generate a valid account and installation" name="ShopifyAccount beginConnectionProcess should generate a valid account and installation" time="0.015">
    </testcase>
    <testcase classname="ShopifyAccount beginConnectionProcess should generate a valid install link" name="ShopifyAccount beginConnectionProcess should generate a valid install link" time="0.002">
    </testcase>
    <testcase classname="ShopifyAccount acceptInstallation should update installation status to ACCEPTED" name="ShopifyAccount acceptInstallation should update installation status to ACCEPTED" time="0.002">
    </testcase>
    <testcase classname="ShopifyAccount confirmInstallation should update the existing installation with an access token" name="ShopifyAccount confirmInstallation should update the existing installation with an access token" time="0">
    </testcase>
    <testcase classname="ShopifyAccount failInstallation should update installation status to FAILED" name="ShopifyAccount failInstallation should update installation status to FAILED" time="0">
    </testcase>
    <testcase classname="ShopifyAccount resetInstallation should update installation status to INITIATED" name="ShopifyAccount resetInstallation should update installation status to INITIATED" time="0">
    </testcase>
  </testsuite>
  <testsuite name="PrismaService" errors="0" failures="0" skipped="0" timestamp="2022-01-24T18:32:57" time="17.851" tests="1">
    <testcase classname="PrismaService should be defined" name="PrismaService should be defined" time="0.061">
    </testcase>
  </testsuite>
  <testsuite name="AzureStorageService" errors="0" failures="0" skipped="0" timestamp="2022-01-24T18:32:57" time="17.92" tests="1">
    <testcase classname="AzureStorageService should be defined" name="AzureStorageService should be defined" time="0.023">
    </testcase>
  </testsuite>
  <testsuite name="ShopifyController" errors="0" failures="1" skipped="0" timestamp="2022-01-24T18:32:57" time="21.33" tests="1">
    <testcase classname="ShopifyController should be defined" name="ShopifyController should be defined" time="0.014">
      <failure>Error: Nest can&apos;t resolve dependencies of the ShopifyController (?, AzureLoggerService, AcceptShopifyInstallUseCase, ConnectShopifyAccountUseCase). Please make sure that the argument ConfigService at index [0] is available in the RootTestModule context.

Potential solutions:
- If ConfigService is a provider, is it part of the current RootTestModule?
- If ConfigService is exported from a separate @Module, is that module imported within RootTestModule?
  @Module({
    imports: [ /* the Module containing ConfigService */ ]
  })

    at TestingInjector.lookupComponentInParentModules (C:\DE\projects\drop-engine\server\node_modules\@nestjs\core\injector\injector.js:202:19)
    at processTicksAndRejections (node:internal/process/task_queues:96:5)
    at TestingInjector.resolveComponentInstance (C:\DE\projects\drop-engine\server\node_modules\@nestjs\core\injector\injector.js:157:33)
    at TestingInjector.resolveComponentInstance (C:\DE\projects\drop-engine\server\node_modules\@nestjs\testing\testing-injector.js:16:45)
    at resolveParam (C:\DE\projects\drop-engine\server\node_modules\@nestjs\core\injector\injector.js:108:38)
    at async Promise.all (index 0)
    at TestingInjector.resolveConstructorParams (C:\DE\projects\drop-engine\server\node_modules\@nestjs\core\injector\injector.js:123:27)
    at TestingInjector.loadInstance (C:\DE\projects\drop-engine\server\node_modules\@nestjs\core\injector\injector.js:52:9)
    at TestingInjector.loadController (C:\DE\projects\drop-engine\server\node_modules\@nestjs\core\injector\injector.js:65:9)
    at async Promise.all (index 0)</failure>
    </testcase>
  </testsuite>
  <testsuite name="ShopifyController" errors="0" failures="0" skipped="0" timestamp="2022-01-24T18:32:57" time="21.326" tests="1">
    <testcase classname="ShopifyController should be defined" name="ShopifyController should be defined" time="0.032">
    </testcase>
  </testsuite>
</testsuites>